---- Waypaper Post Command ----
Wallpaper: /home/swavlabs/Pictures/wallpapers/1021.png
GTK settings persisted
Selected scheme: scheme-content
Matugen ran successfully in Kitty
Wallpaper set via swww
---- Done ----
---- Waypaper Post Command ----
Wallpaper: /home/swavlabs/Pictures/wallpapers/1021.png
GTK settings persisted
Selected scheme: scheme-content
Matugen ran successfully in Kitty
Wallpaper set via swww
---- Done ----
---- Waypaper Post Command ----
Wallpaper: /home/swavlabs/Pictures/wallpapers/1021.png
GTK settings persisted
Selected scheme: scheme-content
Matugen ran successfully in Kitty
Wallpaper set via swww
---- Done ----
